Name                                                          Stmts   Miss  Cover   Missing
-------------------------------------------------------------------------------------------
src/reservation_system/__init__.py                                0      0   100%
src/reservation_system/customer.py                               21      0   100%
src/reservation_system/exceptions.py                              4      0   100%
src/reservation_system/hotel.py                                  20      0   100%
src/reservation_system/reservation.py                            31      1    97%   39
src/reservation_system/service.py                               172     14    92%   22-23, 57, 83-84, 91, 99, 123, 152-153, 215, 256-260
src/reservation_system/storage.py                                65     13    80%   25, 31-33, 42-44, 65-69, 91-95
src/reservation_system/validators.py                             20      2    90%   13, 27
tests/test_service_customers_happy.py                            30      0   100%
tests/test_service_customers_negative.py                         36      0   100%
tests/test_service_hotels_happy.py                               30      0   100%
tests/test_service_hotels_negative.py                            33      0   100%
tests/test_service_reservations_happy.py                         28      0   100%
tests/test_service_reservations_invalid_date_negative.py         29      0   100%
tests/test_service_reservations_no_availability_negative.py      24      0   100%
tests/test_service_reservations_overlap_negative.py              30      0   100%
tests/test_storage_invalid_json.py                               32      0   100%
-------------------------------------------------------------------------------------------
TOTAL                                                           605     30    95%
